<?xml version="1.0" encoding="UTF-8"?>
<!-- Generated by org.testng.reporters.JUnitReportReporter -->
<testsuite hostname="Anjals-MBP.home" failures="0" tests="1" name="com.training.tests.gpstests.PhoneBuyingIT" time="13.710" errors="0" timestamp="20 Jul 2019 01:31:43 GMT" skipped="0">
  <testcase classname="com.training.tests.gpstests.PhoneBuyingIT" name="addPhoneToCart" time="13.710"/>
</testsuite> <!-- com.training.tests.gpstests.PhoneBuyingIT -->
