<?xml version="1.0" encoding="UTF-8"?>
<!-- Generated by org.testng.reporters.JUnitReportReporter -->
<testsuite hostname="Anjals-MBP.home" failures="0" tests="1" name="com.training.tests.herokuappTests.ForgotPasswordIT" time="2.278" errors="0" timestamp="20 Jul 2019 01:31:43 GMT" skipped="0">
  <testcase classname="com.training.tests.herokuappTests.ForgotPasswordIT" name="ForgotPasswrod" time="2.278"/>
</testsuite> <!-- com.training.tests.herokuappTests.ForgotPasswordIT -->
