<?xml version="1.0" encoding="UTF-8"?>
<!-- Generated by org.testng.reporters.JUnitReportReporter -->
<testsuite hostname="Anjals-MBP.home" failures="0" tests="1" name="com.training.tests.herokuappTests.ForgotPasswordIT" time="1.887" errors="0" timestamp="21 Jul 2019 14:41:28 GMT" skipped="0">
  <testcase classname="com.training.tests.herokuappTests.ForgotPasswordIT" name="ForgotPasswrod" time="1.887"/>
</testsuite> <!-- com.training.tests.herokuappTests.ForgotPasswordIT -->
